cl : Command line warning D9035: option 'Gm' has been deprecated and will be removed in a future release
  InitShader.cpp
  example1.cpp
e:\github\dhmt-btl\baithso3_2_project_cube\glslexperiment\example1.cpp(26): warning C4305: 'argument': truncation from 'double' to 'GLfloat'
e:\github\dhmt-btl\baithso3_2_project_cube\glslexperiment\example1.cpp(35): warning C4305: 'argument': truncation from 'double' to 'GLfloat'
e:\github\dhmt-btl\baithso3_2_project_cube\glslexperiment\example1.cpp(36): warning C4305: 'argument': truncation from 'double' to 'GLfloat'
e:\github\dhmt-btl\baithso3_2_project_cube\glslexperiment\example1.cpp(48): warning C4305: 'initializing': truncation from 'double' to 'GLfloat'
e:\github\dhmt-btl\baithso3_2_project_cube\glslexperiment\example1.cpp(114): warning C4244: 'initializing': conversion from 'double' to 'float', possible loss of data
e:\github\dhmt-btl\baithso3_2_project_cube\glslexperiment\example1.cpp(202): warning C4244: 'initializing': conversion from 'double' to 'float', possible loss of data
e:\github\dhmt-btl\baithso3_2_project_cube\glslexperiment\example1.cpp(323): warning C4244: 'argument': conversion from 'int' to 'float', possible loss of data
e:\github\dhmt-btl\baithso3_2_project_cube\glslexperiment\example1.cpp(327): warning C4244: 'argument': conversion from 'int' to 'float', possible loss of data
e:\github\dhmt-btl\baithso3_2_project_cube\glslexperiment\example1.cpp(331): warning C4244: 'return': conversion from 'double' to 'float', possible loss of data
e:\github\dhmt-btl\baithso3_2_project_cube\glslexperiment\example1.cpp(399): warning C4305: 'argument': truncation from 'double' to 'const GLfloat'
e:\github\dhmt-btl\baithso3_2_project_cube\glslexperiment\example1.cpp(404): warning C4305: 'argument': truncation from 'double' to 'const GLfloat'
e:\github\dhmt-btl\baithso3_2_project_cube\glslexperiment\example1.cpp(408): warning C4305: 'argument': truncation from 'double' to 'float'
e:\github\dhmt-btl\baithso3_2_project_cube\glslexperiment\example1.cpp(409): warning C4305: 'argument': truncation from 'double' to 'float'
e:\github\dhmt-btl\baithso3_2_project_cube\glslexperiment\example1.cpp(410): warning C4305: 'argument': truncation from 'double' to 'float'
e:\github\dhmt-btl\baithso3_2_project_cube\glslexperiment\example1.cpp(411): warning C4305: 'argument': truncation from 'double' to 'float'
e:\github\dhmt-btl\baithso3_2_project_cube\glslexperiment\example1.cpp(414): warning C4305: 'argument': truncation from 'double' to 'const GLfloat'
e:\github\dhmt-btl\baithso3_2_project_cube\glslexperiment\example1.cpp(422): warning C4305: 'argument': truncation from 'double' to 'const GLfloat'
e:\github\dhmt-btl\baithso3_2_project_cube\glslexperiment\example1.cpp(425): warning C4305: 'argument': truncation from 'double' to 'const GLfloat'
e:\github\dhmt-btl\baithso3_2_project_cube\glslexperiment\example1.cpp(428): warning C4305: 'argument': truncation from 'double' to 'const GLfloat'
e:\github\dhmt-btl\baithso3_2_project_cube\glslexperiment\example1.cpp(434): warning C4305: 'argument': truncation from 'double' to 'const GLfloat'
e:\github\dhmt-btl\baithso3_2_project_cube\glslexperiment\example1.cpp(437): warning C4305: 'argument': truncation from 'double' to 'const GLfloat'
e:\github\dhmt-btl\baithso3_2_project_cube\glslexperiment\example1.cpp(440): warning C4305: 'argument': truncation from 'double' to 'const GLfloat'
e:\github\dhmt-btl\baithso3_2_project_cube\glslexperiment\example1.cpp(443): warning C4305: 'argument': truncation from 'double' to 'const GLfloat'
e:\github\dhmt-btl\baithso3_2_project_cube\glslexperiment\example1.cpp(448): warning C4305: 'argument': truncation from 'double' to 'const GLfloat'
e:\github\dhmt-btl\baithso3_2_project_cube\glslexperiment\example1.cpp(451): warning C4305: 'argument': truncation from 'double' to 'const GLfloat'
e:\github\dhmt-btl\baithso3_2_project_cube\glslexperiment\example1.cpp(455): warning C4305: 'argument': truncation from 'double' to 'const GLfloat'
e:\github\dhmt-btl\baithso3_2_project_cube\glslexperiment\example1.cpp(458): warning C4305: 'argument': truncation from 'double' to 'const GLfloat'
e:\github\dhmt-btl\baithso3_2_project_cube\glslexperiment\example1.cpp(461): warning C4305: 'argument': truncation from 'double' to 'const GLfloat'
e:\github\dhmt-btl\baithso3_2_project_cube\glslexperiment\example1.cpp(464): warning C4305: 'argument': truncation from 'double' to 'const GLfloat'
e:\github\dhmt-btl\baithso3_2_project_cube\glslexperiment\example1.cpp(468): warning C4305: 'argument': truncation from 'double' to 'const GLfloat'
e:\github\dhmt-btl\baithso3_2_project_cube\glslexperiment\example1.cpp(471): warning C4305: 'argument': truncation from 'double' to 'const GLfloat'
e:\github\dhmt-btl\baithso3_2_project_cube\glslexperiment\example1.cpp(474): warning C4305: 'argument': truncation from 'double' to 'const GLfloat'
e:\github\dhmt-btl\baithso3_2_project_cube\glslexperiment\example1.cpp(477): warning C4305: 'argument': truncation from 'double' to 'const GLfloat'
e:\github\dhmt-btl\baithso3_2_project_cube\glslexperiment\example1.cpp(481): warning C4305: 'argument': truncation from 'double' to 'const GLfloat'
e:\github\dhmt-btl\baithso3_2_project_cube\glslexperiment\example1.cpp(499): warning C4305: 'argument': truncation from 'double' to 'const GLfloat'
e:\github\dhmt-btl\baithso3_2_project_cube\glslexperiment\example1.cpp(524): warning C4305: 'argument': truncation from 'double' to 'float'
e:\github\dhmt-btl\baithso3_2_project_cube\glslexperiment\example1.cpp(526): warning C4305: 'argument': truncation from 'double' to 'float'
e:\github\dhmt-btl\baithso3_2_project_cube\glslexperiment\example1.cpp(528): warning C4305: 'argument': truncation from 'double' to 'float'
e:\github\dhmt-btl\baithso3_2_project_cube\glslexperiment\example1.cpp(530): warning C4305: 'argument': truncation from 'double' to 'float'
e:\github\dhmt-btl\baithso3_2_project_cube\glslexperiment\example1.cpp(532): warning C4305: 'argument': truncation from 'double' to 'float'
e:\github\dhmt-btl\baithso3_2_project_cube\glslexperiment\example1.cpp(534): warning C4305: 'argument': truncation from 'double' to 'float'
e:\github\dhmt-btl\baithso3_2_project_cube\glslexperiment\example1.cpp(536): warning C4305: 'argument': truncation from 'double' to 'float'
e:\github\dhmt-btl\baithso3_2_project_cube\glslexperiment\example1.cpp(537): warning C4305: 'argument': truncation from 'double' to 'float'
e:\github\dhmt-btl\baithso3_2_project_cube\glslexperiment\example1.cpp(538): warning C4305: 'argument': truncation from 'double' to 'float'
e:\github\dhmt-btl\baithso3_2_project_cube\glslexperiment\example1.cpp(539): warning C4305: 'argument': truncation from 'double' to 'float'
e:\github\dhmt-btl\baithso3_2_project_cube\glslexperiment\example1.cpp(540): warning C4305: 'argument': truncation from 'double' to 'float'
e:\github\dhmt-btl\baithso3_2_project_cube\glslexperiment\example1.cpp(544): warning C4305: 'argument': truncation from 'double' to 'float'
e:\github\dhmt-btl\baithso3_2_project_cube\glslexperiment\example1.cpp(545): warning C4305: 'argument': truncation from 'double' to 'float'
e:\github\dhmt-btl\baithso3_2_project_cube\glslexperiment\example1.cpp(546): warning C4305: 'argument': truncation from 'double' to 'float'
e:\github\dhmt-btl\baithso3_2_project_cube\glslexperiment\example1.cpp(547): warning C4305: 'argument': truncation from 'double' to 'float'
e:\github\dhmt-btl\baithso3_2_project_cube\glslexperiment\example1.cpp(553): warning C4305: 'argument': truncation from 'double' to 'float'
e:\github\dhmt-btl\baithso3_2_project_cube\glslexperiment\example1.cpp(554): warning C4305: 'argument': truncation from 'double' to 'float'
e:\github\dhmt-btl\baithso3_2_project_cube\glslexperiment\example1.cpp(555): warning C4305: 'argument': truncation from 'double' to 'float'
e:\github\dhmt-btl\baithso3_2_project_cube\glslexperiment\example1.cpp(556): warning C4305: 'argument': truncation from 'double' to 'float'
e:\github\dhmt-btl\baithso3_2_project_cube\glslexperiment\example1.cpp(565): warning C4305: 'argument': truncation from 'double' to 'float'
e:\github\dhmt-btl\baithso3_2_project_cube\glslexperiment\example1.cpp(566): warning C4305: 'argument': truncation from 'double' to 'float'
e:\github\dhmt-btl\baithso3_2_project_cube\glslexperiment\example1.cpp(567): warning C4305: 'argument': truncation from 'double' to 'float'
e:\github\dhmt-btl\baithso3_2_project_cube\glslexperiment\example1.cpp(568): warning C4305: 'argument': truncation from 'double' to 'float'
e:\github\dhmt-btl\baithso3_2_project_cube\glslexperiment\example1.cpp(571): warning C4305: 'argument': truncation from 'double' to 'const GLfloat'
e:\github\dhmt-btl\baithso3_2_project_cube\glslexperiment\example1.cpp(574): warning C4305: 'argument': truncation from 'double' to 'const GLfloat'
e:\github\dhmt-btl\baithso3_2_project_cube\glslexperiment\example1.cpp(577): warning C4305: 'argument': truncation from 'double' to 'float'
e:\github\dhmt-btl\baithso3_2_project_cube\glslexperiment\example1.cpp(578): warning C4305: 'argument': truncation from 'double' to 'float'
e:\github\dhmt-btl\baithso3_2_project_cube\glslexperiment\example1.cpp(579): warning C4305: 'argument': truncation from 'double' to 'float'
e:\github\dhmt-btl\baithso3_2_project_cube\glslexperiment\example1.cpp(580): warning C4305: 'argument': truncation from 'double' to 'float'
e:\github\dhmt-btl\baithso3_2_project_cube\glslexperiment\example1.cpp(581): warning C4305: 'argument': truncation from 'double' to 'float'
e:\github\dhmt-btl\baithso3_2_project_cube\glslexperiment\example1.cpp(582): warning C4305: 'argument': truncation from 'double' to 'float'
e:\github\dhmt-btl\baithso3_2_project_cube\glslexperiment\example1.cpp(583): warning C4305: 'argument': truncation from 'double' to 'float'
e:\github\dhmt-btl\baithso3_2_project_cube\glslexperiment\example1.cpp(584): warning C4305: 'argument': truncation from 'double' to 'float'
e:\github\dhmt-btl\baithso3_2_project_cube\glslexperiment\example1.cpp(586): warning C4305: 'argument': truncation from 'double' to 'const GLfloat'
e:\github\dhmt-btl\baithso3_2_project_cube\glslexperiment\example1.cpp(595): warning C4305: 'argument': truncation from 'double' to 'const GLfloat'
e:\github\dhmt-btl\baithso3_2_project_cube\glslexperiment\example1.cpp(598): warning C4305: 'argument': truncation from 'double' to 'const GLfloat'
e:\github\dhmt-btl\baithso3_2_project_cube\glslexperiment\example1.cpp(606): warning C4305: 'argument': truncation from 'double' to 'const GLfloat'
e:\github\dhmt-btl\baithso3_2_project_cube\glslexperiment\example1.cpp(612): warning C4305: 'argument': truncation from 'double' to 'const GLfloat'
e:\github\dhmt-btl\baithso3_2_project_cube\glslexperiment\example1.cpp(626): warning C4305: 'argument': truncation from 'double' to 'const GLfloat'
e:\github\dhmt-btl\baithso3_2_project_cube\glslexperiment\example1.cpp(629): warning C4305: 'argument': truncation from 'double' to 'const GLfloat'
e:\github\dhmt-btl\baithso3_2_project_cube\glslexperiment\example1.cpp(632): warning C4305: 'argument': truncation from 'double' to 'const GLfloat'
e:\github\dhmt-btl\baithso3_2_project_cube\glslexperiment\example1.cpp(635): warning C4305: 'argument': truncation from 'double' to 'const GLfloat'
e:\github\dhmt-btl\baithso3_2_project_cube\glslexperiment\example1.cpp(638): warning C4305: 'argument': truncation from 'double' to 'const GLfloat'
e:\github\dhmt-btl\baithso3_2_project_cube\glslexperiment\example1.cpp(646): warning C4305: 'argument': truncation from 'double' to 'const GLfloat'
e:\github\dhmt-btl\baithso3_2_project_cube\glslexperiment\example1.cpp(649): warning C4305: 'argument': truncation from 'double' to 'const GLfloat'
e:\github\dhmt-btl\baithso3_2_project_cube\glslexperiment\example1.cpp(654): warning C4305: 'argument': truncation from 'double' to 'const GLfloat'
e:\github\dhmt-btl\baithso3_2_project_cube\glslexperiment\example1.cpp(656): warning C4305: 'argument': truncation from 'double' to 'const GLfloat'
e:\github\dhmt-btl\baithso3_2_project_cube\glslexperiment\example1.cpp(659): warning C4305: 'argument': truncation from 'double' to 'const GLfloat'
e:\github\dhmt-btl\baithso3_2_project_cube\glslexperiment\example1.cpp(661): warning C4305: 'argument': truncation from 'double' to 'const GLfloat'
e:\github\dhmt-btl\baithso3_2_project_cube\glslexperiment\example1.cpp(665): warning C4305: 'argument': truncation from 'double' to 'const GLfloat'
e:\github\dhmt-btl\baithso3_2_project_cube\glslexperiment\example1.cpp(667): warning C4305: 'argument': truncation from 'double' to 'const GLfloat'
e:\github\dhmt-btl\baithso3_2_project_cube\glslexperiment\example1.cpp(670): warning C4305: 'argument': truncation from 'double' to 'const GLfloat'
e:\github\dhmt-btl\baithso3_2_project_cube\glslexperiment\example1.cpp(672): warning C4305: 'argument': truncation from 'double' to 'const GLfloat'
e:\github\dhmt-btl\baithso3_2_project_cube\glslexperiment\example1.cpp(675): warning C4305: 'argument': truncation from 'double' to 'const GLfloat'
e:\github\dhmt-btl\baithso3_2_project_cube\glslexperiment\example1.cpp(679): warning C4305: 'argument': truncation from 'double' to 'const GLfloat'
e:\github\dhmt-btl\baithso3_2_project_cube\glslexperiment\example1.cpp(697): warning C4305: 'argument': truncation from 'double' to 'const GLfloat'
e:\github\dhmt-btl\baithso3_2_project_cube\glslexperiment\example1.cpp(722): warning C4305: 'argument': truncation from 'double' to 'const GLfloat'
e:\github\dhmt-btl\baithso3_2_project_cube\glslexperiment\example1.cpp(725): warning C4305: 'argument': truncation from 'double' to 'const GLfloat'
e:\github\dhmt-btl\baithso3_2_project_cube\glslexperiment\example1.cpp(728): warning C4305: 'argument': truncation from 'double' to 'const GLfloat'
e:\github\dhmt-btl\baithso3_2_project_cube\glslexperiment\example1.cpp(731): warning C4305: 'argument': truncation from 'double' to 'const GLfloat'
e:\github\dhmt-btl\baithso3_2_project_cube\glslexperiment\example1.cpp(735): warning C4305: 'argument': truncation from 'double' to 'const GLfloat'
e:\github\dhmt-btl\baithso3_2_project_cube\glslexperiment\example1.cpp(743): warning C4305: 'argument': truncation from 'double' to 'const GLfloat'
e:\github\dhmt-btl\baithso3_2_project_cube\glslexperiment\example1.cpp(746): warning C4305: 'argument': truncation from 'double' to 'const GLfloat'
e:\github\dhmt-btl\baithso3_2_project_cube\glslexperiment\example1.cpp(751): warning C4305: 'argument': truncation from 'double' to 'const GLfloat'
e:\github\dhmt-btl\baithso3_2_project_cube\glslexperiment\example1.cpp(754): warning C4305: 'argument': truncation from 'double' to 'const GLfloat'
e:\github\dhmt-btl\baithso3_2_project_cube\glslexperiment\example1.cpp(757): warning C4305: 'argument': truncation from 'double' to 'const GLfloat'
e:\github\dhmt-btl\baithso3_2_project_cube\glslexperiment\example1.cpp(786): warning C4305: 'argument': truncation from 'double' to 'const GLfloat'
e:\github\dhmt-btl\baithso3_2_project_cube\glslexperiment\example1.cpp(789): warning C4305: 'argument': truncation from 'double' to 'const GLfloat'
e:\github\dhmt-btl\baithso3_2_project_cube\glslexperiment\example1.cpp(792): warning C4305: 'argument': truncation from 'double' to 'const GLfloat'
e:\github\dhmt-btl\baithso3_2_project_cube\glslexperiment\example1.cpp(795): warning C4305: 'argument': truncation from 'double' to 'const GLfloat'
e:\github\dhmt-btl\baithso3_2_project_cube\glslexperiment\example1.cpp(798): warning C4305: 'argument': truncation from 'double' to 'const GLfloat'
e:\github\dhmt-btl\baithso3_2_project_cube\glslexperiment\example1.cpp(801): warning C4305: 'argument': truncation from 'double' to 'const GLfloat'
e:\github\dhmt-btl\baithso3_2_project_cube\glslexperiment\example1.cpp(804): warning C4305: 'argument': truncation from 'double' to 'const GLfloat'
e:\github\dhmt-btl\baithso3_2_project_cube\glslexperiment\example1.cpp(812): warning C4305: 'argument': truncation from 'double' to 'const GLfloat'
e:\github\dhmt-btl\baithso3_2_project_cube\glslexperiment\example1.cpp(815): warning C4305: 'argument': truncation from 'double' to 'const GLfloat'
e:\github\dhmt-btl\baithso3_2_project_cube\glslexperiment\example1.cpp(818): warning C4305: 'argument': truncation from 'double' to 'const GLfloat'
e:\github\dhmt-btl\baithso3_2_project_cube\glslexperiment\example1.cpp(821): warning C4305: 'argument': truncation from 'double' to 'const GLfloat'
e:\github\dhmt-btl\baithso3_2_project_cube\glslexperiment\example1.cpp(827): warning C4305: 'argument': truncation from 'double' to 'const GLfloat'
e:\github\dhmt-btl\baithso3_2_project_cube\glslexperiment\example1.cpp(830): warning C4305: 'argument': truncation from 'double' to 'const GLfloat'
e:\github\dhmt-btl\baithso3_2_project_cube\glslexperiment\example1.cpp(833): warning C4305: 'argument': truncation from 'double' to 'const GLfloat'
e:\github\dhmt-btl\baithso3_2_project_cube\glslexperiment\example1.cpp(850): warning C4305: 'argument': truncation from 'double' to 'const GLfloat'
e:\github\dhmt-btl\baithso3_2_project_cube\glslexperiment\example1.cpp(859): warning C4305: 'argument': truncation from 'double' to 'const GLfloat'
e:\github\dhmt-btl\baithso3_2_project_cube\glslexperiment\example1.cpp(870): warning C4305: 'argument': truncation from 'double' to 'const GLfloat'
e:\github\dhmt-btl\baithso3_2_project_cube\glslexperiment\example1.cpp(881): warning C4305: 'argument': truncation from 'double' to 'const GLfloat'
e:\github\dhmt-btl\baithso3_2_project_cube\glslexperiment\example1.cpp(887): warning C4305: 'argument': truncation from 'double' to 'float'
e:\github\dhmt-btl\baithso3_2_project_cube\glslexperiment\example1.cpp(888): warning C4305: 'argument': truncation from 'double' to 'float'
e:\github\dhmt-btl\baithso3_2_project_cube\glslexperiment\example1.cpp(889): warning C4305: 'argument': truncation from 'double' to 'GLfloat'
e:\github\dhmt-btl\baithso3_2_project_cube\glslexperiment\example1.cpp(890): warning C4305: 'argument': truncation from 'double' to 'GLfloat'
e:\github\dhmt-btl\baithso3_2_project_cube\glslexperiment\example1.cpp(892): warning C4305: 'argument': truncation from 'double' to 'GLfloat'
e:\github\dhmt-btl\baithso3_2_project_cube\glslexperiment\example1.cpp(893): warning C4305: 'argument': truncation from 'double' to 'GLfloat'
e:\github\dhmt-btl\baithso3_2_project_cube\glslexperiment\example1.cpp(895): warning C4305: 'argument': truncation from 'double' to 'GLfloat'
e:\github\dhmt-btl\baithso3_2_project_cube\glslexperiment\example1.cpp(896): warning C4305: 'argument': truncation from 'double' to 'GLfloat'
e:\github\dhmt-btl\baithso3_2_project_cube\glslexperiment\example1.cpp(904): warning C4244: 'argument': conversion from 'float' to 'int', possible loss of data
e:\github\dhmt-btl\baithso3_2_project_cube\glslexperiment\example1.cpp(905): warning C4244: 'argument': conversion from 'float' to 'int', possible loss of data
e:\github\dhmt-btl\baithso3_2_project_cube\glslexperiment\example1.cpp(906): warning C4244: 'argument': conversion from 'float' to 'int', possible loss of data
e:\github\dhmt-btl\baithso3_2_project_cube\glslexperiment\example1.cpp(909): warning C4305: 'argument': truncation from 'double' to 'const GLfloat'
e:\github\dhmt-btl\baithso3_2_project_cube\glslexperiment\example1.cpp(915): warning C4244: 'argument': conversion from 'float' to 'int', possible loss of data
e:\github\dhmt-btl\baithso3_2_project_cube\glslexperiment\example1.cpp(916): warning C4244: 'argument': conversion from 'float' to 'int', possible loss of data
e:\github\dhmt-btl\baithso3_2_project_cube\glslexperiment\example1.cpp(917): warning C4244: 'argument': conversion from 'float' to 'int', possible loss of data
e:\github\dhmt-btl\baithso3_2_project_cube\glslexperiment\example1.cpp(920): warning C4305: 'argument': truncation from 'double' to 'const GLfloat'
e:\github\dhmt-btl\baithso3_2_project_cube\glslexperiment\example1.cpp(923): warning C4305: 'argument': truncation from 'double' to 'const GLfloat'
e:\github\dhmt-btl\baithso3_2_project_cube\glslexperiment\example1.cpp(927): warning C4244: 'argument': conversion from 'float' to 'int', possible loss of data
e:\github\dhmt-btl\baithso3_2_project_cube\glslexperiment\example1.cpp(928): warning C4244: 'argument': conversion from 'float' to 'int', possible loss of data
e:\github\dhmt-btl\baithso3_2_project_cube\glslexperiment\example1.cpp(929): warning C4244: 'argument': conversion from 'float' to 'int', possible loss of data
e:\github\dhmt-btl\baithso3_2_project_cube\glslexperiment\example1.cpp(966): warning C4305: 'argument': truncation from 'double' to 'const GLfloat'
e:\github\dhmt-btl\baithso3_2_project_cube\glslexperiment\example1.cpp(974): warning C4305: 'argument': truncation from 'double' to 'const GLfloat'
e:\github\dhmt-btl\baithso3_2_project_cube\glslexperiment\example1.cpp(984): warning C4305: 'argument': truncation from 'double' to 'const GLfloat'
e:\github\dhmt-btl\baithso3_2_project_cube\glslexperiment\example1.cpp(987): warning C4305: 'argument': truncation from 'double' to 'const GLfloat'
e:\github\dhmt-btl\baithso3_2_project_cube\glslexperiment\example1.cpp(996): warning C4305: 'argument': truncation from 'double' to 'const GLfloat'
e:\github\dhmt-btl\baithso3_2_project_cube\glslexperiment\example1.cpp(999): warning C4305: 'argument': truncation from 'double' to 'const GLfloat'
e:\github\dhmt-btl\baithso3_2_project_cube\glslexperiment\example1.cpp(1002): warning C4305: 'argument': truncation from 'double' to 'const GLfloat'
e:\github\dhmt-btl\baithso3_2_project_cube\glslexperiment\example1.cpp(1005): warning C4305: 'argument': truncation from 'double' to 'const GLfloat'
e:\github\dhmt-btl\baithso3_2_project_cube\glslexperiment\example1.cpp(1016): warning C4305: 'argument': truncation from 'double' to 'const GLfloat'
e:\github\dhmt-btl\baithso3_2_project_cube\glslexperiment\example1.cpp(1019): warning C4305: 'argument': truncation from 'double' to 'const GLfloat'
e:\github\dhmt-btl\baithso3_2_project_cube\glslexperiment\example1.cpp(1027): warning C4305: 'argument': truncation from 'double' to 'const GLfloat'
e:\github\dhmt-btl\baithso3_2_project_cube\glslexperiment\example1.cpp(1033): warning C4305: 'argument': truncation from 'double' to 'const GLfloat'
e:\github\dhmt-btl\baithso3_2_project_cube\glslexperiment\example1.cpp(1035): warning C4305: 'argument': truncation from 'double' to 'GLfloat'
e:\github\dhmt-btl\baithso3_2_project_cube\glslexperiment\example1.cpp(1049): warning C4305: 'argument': truncation from 'double' to 'const GLfloat'
e:\github\dhmt-btl\baithso3_2_project_cube\glslexperiment\example1.cpp(1057): warning C4305: 'argument': truncation from 'double' to 'const GLfloat'
e:\github\dhmt-btl\baithso3_2_project_cube\glslexperiment\example1.cpp(1060): warning C4305: 'argument': truncation from 'double' to 'const GLfloat'
e:\github\dhmt-btl\baithso3_2_project_cube\glslexperiment\example1.cpp(1068): warning C4305: 'argument': truncation from 'double' to 'const GLfloat'
e:\github\dhmt-btl\baithso3_2_project_cube\glslexperiment\example1.cpp(1073): warning C4305: 'argument': truncation from 'double' to 'const GLfloat'
e:\github\dhmt-btl\baithso3_2_project_cube\glslexperiment\example1.cpp(1081): warning C4305: 'argument': truncation from 'double' to 'const GLfloat'
e:\github\dhmt-btl\baithso3_2_project_cube\glslexperiment\example1.cpp(1084): warning C4305: 'argument': truncation from 'double' to 'const GLfloat'
e:\github\dhmt-btl\baithso3_2_project_cube\glslexperiment\example1.cpp(1087): warning C4305: 'argument': truncation from 'double' to 'const GLfloat'
e:\github\dhmt-btl\baithso3_2_project_cube\glslexperiment\example1.cpp(1090): warning C4305: 'argument': truncation from 'double' to 'const GLfloat'
e:\github\dhmt-btl\baithso3_2_project_cube\glslexperiment\example1.cpp(1096): warning C4305: 'argument': truncation from 'double' to 'const GLfloat'
e:\github\dhmt-btl\baithso3_2_project_cube\glslexperiment\example1.cpp(1103): warning C4305: 'argument': truncation from 'double' to 'const GLfloat'
e:\github\dhmt-btl\baithso3_2_project_cube\glslexperiment\example1.cpp(1121): warning C4305: 'argument': truncation from 'double' to 'const GLfloat'
e:\github\dhmt-btl\baithso3_2_project_cube\glslexperiment\example1.cpp(1139): warning C4305: 'argument': truncation from 'double' to 'const GLfloat'
e:\github\dhmt-btl\baithso3_2_project_cube\glslexperiment\example1.cpp(1156): warning C4305: 'argument': truncation from 'double' to 'const GLfloat'
e:\github\dhmt-btl\baithso3_2_project_cube\glslexperiment\example1.cpp(1173): warning C4305: 'argument': truncation from 'double' to 'const GLfloat'
e:\github\dhmt-btl\baithso3_2_project_cube\glslexperiment\example1.cpp(1192): warning C4305: 'argument': truncation from 'double' to 'const GLfloat'
e:\github\dhmt-btl\baithso3_2_project_cube\glslexperiment\example1.cpp(1217): warning C4305: 'argument': truncation from 'double' to 'const GLfloat'
e:\github\dhmt-btl\baithso3_2_project_cube\glslexperiment\example1.cpp(1220): warning C4305: 'argument': truncation from 'double' to 'const GLfloat'
e:\github\dhmt-btl\baithso3_2_project_cube\glslexperiment\example1.cpp(1223): warning C4305: 'argument': truncation from 'double' to 'const GLfloat'
e:\github\dhmt-btl\baithso3_2_project_cube\glslexperiment\example1.cpp(1226): warning C4305: 'argument': truncation from 'double' to 'const GLfloat'
e:\github\dhmt-btl\baithso3_2_project_cube\glslexperiment\example1.cpp(1234): warning C4305: 'argument': truncation from 'double' to 'const GLfloat'
e:\github\dhmt-btl\baithso3_2_project_cube\glslexperiment\example1.cpp(1239): warning C4305: 'argument': truncation from 'double' to 'const GLfloat'
e:\github\dhmt-btl\baithso3_2_project_cube\glslexperiment\example1.cpp(1243): warning C4305: 'argument': truncation from 'double' to 'const GLfloat'
e:\github\dhmt-btl\baithso3_2_project_cube\glslexperiment\example1.cpp(1247): warning C4305: 'argument': truncation from 'double' to 'const GLfloat'
e:\github\dhmt-btl\baithso3_2_project_cube\glslexperiment\example1.cpp(1251): warning C4305: 'argument': truncation from 'double' to 'const GLfloat'
e:\github\dhmt-btl\baithso3_2_project_cube\glslexperiment\example1.cpp(1255): warning C4305: 'argument': truncation from 'double' to 'const GLfloat'
e:\github\dhmt-btl\baithso3_2_project_cube\glslexperiment\example1.cpp(1259): warning C4305: 'argument': truncation from 'double' to 'const GLfloat'
e:\github\dhmt-btl\baithso3_2_project_cube\glslexperiment\example1.cpp(1282): warning C4305: 'argument': truncation from 'double' to 'float'
e:\github\dhmt-btl\baithso3_2_project_cube\glslexperiment\example1.cpp(1290): warning C4305: 'argument': truncation from 'double' to 'float'
e:\github\dhmt-btl\baithso3_2_project_cube\glslexperiment\example1.cpp(1293): warning C4305: 'argument': truncation from 'double' to 'float'
e:\github\dhmt-btl\baithso3_2_project_cube\glslexperiment\example1.cpp(1301): warning C4305: 'argument': truncation from 'double' to 'float'
e:\github\dhmt-btl\baithso3_2_project_cube\glslexperiment\example1.cpp(1303): warning C4305: 'argument': truncation from 'double' to 'float'
e:\github\dhmt-btl\baithso3_2_project_cube\glslexperiment\example1.cpp(1305): warning C4305: 'argument': truncation from 'double' to 'float'
e:\github\dhmt-btl\baithso3_2_project_cube\glslexperiment\example1.cpp(1307): warning C4305: 'argument': truncation from 'double' to 'float'
e:\github\dhmt-btl\baithso3_2_project_cube\glslexperiment\example1.cpp(1321): warning C4305: 'argument': truncation from 'double' to 'float'
e:\github\dhmt-btl\baithso3_2_project_cube\glslexperiment\example1.cpp(1323): warning C4305: 'argument': truncation from 'double' to 'float'
e:\github\dhmt-btl\baithso3_2_project_cube\glslexperiment\example1.cpp(1325): warning C4305: 'argument': truncation from 'double' to 'float'
e:\github\dhmt-btl\baithso3_2_project_cube\glslexperiment\example1.cpp(1334): warning C4305: 'argument': truncation from 'double' to 'float'
e:\github\dhmt-btl\baithso3_2_project_cube\glslexperiment\example1.cpp(1336): warning C4305: 'argument': truncation from 'double' to 'float'
e:\github\dhmt-btl\baithso3_2_project_cube\glslexperiment\example1.cpp(1338): warning C4305: 'argument': truncation from 'double' to 'float'
e:\github\dhmt-btl\baithso3_2_project_cube\glslexperiment\example1.cpp(1340): warning C4305: 'argument': truncation from 'double' to 'float'
e:\github\dhmt-btl\baithso3_2_project_cube\glslexperiment\example1.cpp(1342): warning C4305: 'argument': truncation from 'double' to 'float'
e:\github\dhmt-btl\baithso3_2_project_cube\glslexperiment\example1.cpp(1345): warning C4305: 'argument': truncation from 'double' to 'float'
e:\github\dhmt-btl\baithso3_2_project_cube\glslexperiment\example1.cpp(1347): warning C4305: 'argument': truncation from 'double' to 'float'
e:\github\dhmt-btl\baithso3_2_project_cube\glslexperiment\example1.cpp(1349): warning C4305: 'argument': truncation from 'double' to 'float'
e:\github\dhmt-btl\baithso3_2_project_cube\glslexperiment\example1.cpp(1351): warning C4305: 'argument': truncation from 'double' to 'float'
e:\github\dhmt-btl\baithso3_2_project_cube\glslexperiment\example1.cpp(1353): warning C4305: 'argument': truncation from 'double' to 'float'
e:\github\dhmt-btl\baithso3_2_project_cube\glslexperiment\example1.cpp(1361): warning C4305: 'argument': truncation from 'double' to 'float'
e:\github\dhmt-btl\baithso3_2_project_cube\glslexperiment\example1.cpp(1363): warning C4305: 'argument': truncation from 'double' to 'float'
e:\github\dhmt-btl\baithso3_2_project_cube\glslexperiment\example1.cpp(1377): warning C4305: 'argument': truncation from 'double' to 'float'
e:\github\dhmt-btl\baithso3_2_project_cube\glslexperiment\example1.cpp(1379): warning C4305: 'argument': truncation from 'double' to 'float'
e:\github\dhmt-btl\baithso3_2_project_cube\glslexperiment\example1.cpp(1381): warning C4305: 'argument': truncation from 'double' to 'float'
e:\github\dhmt-btl\baithso3_2_project_cube\glslexperiment\example1.cpp(1388): warning C4305: 'argument': truncation from 'double' to 'float'
e:\github\dhmt-btl\baithso3_2_project_cube\glslexperiment\example1.cpp(1390): warning C4305: 'argument': truncation from 'double' to 'float'
e:\github\dhmt-btl\baithso3_2_project_cube\glslexperiment\example1.cpp(1392): warning C4305: 'argument': truncation from 'double' to 'float'
e:\github\dhmt-btl\baithso3_2_project_cube\glslexperiment\example1.cpp(1394): warning C4305: 'argument': truncation from 'double' to 'float'
e:\github\dhmt-btl\baithso3_2_project_cube\glslexperiment\example1.cpp(1397): warning C4305: 'argument': truncation from 'double' to 'float'
e:\github\dhmt-btl\baithso3_2_project_cube\glslexperiment\example1.cpp(1399): warning C4305: 'argument': truncation from 'double' to 'float'
e:\github\dhmt-btl\baithso3_2_project_cube\glslexperiment\example1.cpp(1401): warning C4305: 'argument': truncation from 'double' to 'float'
e:\github\dhmt-btl\baithso3_2_project_cube\glslexperiment\example1.cpp(1404): warning C4305: 'argument': truncation from 'double' to 'float'
e:\github\dhmt-btl\baithso3_2_project_cube\glslexperiment\example1.cpp(1406): warning C4305: 'argument': truncation from 'double' to 'float'
e:\github\dhmt-btl\baithso3_2_project_cube\glslexperiment\example1.cpp(1408): warning C4305: 'argument': truncation from 'double' to 'float'
e:\github\dhmt-btl\baithso3_2_project_cube\glslexperiment\example1.cpp(1416): warning C4305: 'argument': truncation from 'double' to 'float'
e:\github\dhmt-btl\baithso3_2_project_cube\glslexperiment\example1.cpp(1418): warning C4305: 'argument': truncation from 'double' to 'float'
e:\github\dhmt-btl\baithso3_2_project_cube\glslexperiment\example1.cpp(1421): warning C4305: 'argument': truncation from 'double' to 'const GLfloat'
e:\github\dhmt-btl\baithso3_2_project_cube\glslexperiment\example1.cpp(1427): warning C4305: 'argument': truncation from 'double' to 'const GLfloat'
e:\github\dhmt-btl\baithso3_2_project_cube\glslexperiment\example1.cpp(1429): warning C4305: 'argument': truncation from 'double' to 'const GLfloat'
e:\github\dhmt-btl\baithso3_2_project_cube\glslexperiment\example1.cpp(1439): warning C4305: 'argument': truncation from 'double' to 'const GLfloat'
e:\github\dhmt-btl\baithso3_2_project_cube\glslexperiment\example1.cpp(1468): warning C4305: 'argument': truncation from 'double' to 'float'
e:\github\dhmt-btl\baithso3_2_project_cube\glslexperiment\example1.cpp(1475): warning C4305: 'argument': truncation from 'double' to 'float'
e:\github\dhmt-btl\baithso3_2_project_cube\glslexperiment\example1.cpp(1477): warning C4305: 'argument': truncation from 'double' to 'float'
e:\github\dhmt-btl\baithso3_2_project_cube\glslexperiment\example1.cpp(1479): warning C4305: 'argument': truncation from 'double' to 'float'
e:\github\dhmt-btl\baithso3_2_project_cube\glslexperiment\example1.cpp(1481): warning C4305: 'argument': truncation from 'double' to 'float'
e:\github\dhmt-btl\baithso3_2_project_cube\glslexperiment\example1.cpp(1484): warning C4305: 'argument': truncation from 'double' to 'float'
e:\github\dhmt-btl\baithso3_2_project_cube\glslexperiment\example1.cpp(1562): warning C4305: 'argument': truncation from 'double' to 'GLfloat'
e:\github\dhmt-btl\baithso3_2_project_cube\glslexperiment\example1.cpp(1566): warning C4305: 'argument': truncation from 'double' to 'GLfloat'
e:\github\dhmt-btl\baithso3_2_project_cube\glslexperiment\example1.cpp(1589): warning C4305: '+=': truncation from 'double' to 'GLfloat'
e:\github\dhmt-btl\baithso3_2_project_cube\glslexperiment\example1.cpp(1590): warning C4305: '=': truncation from 'double' to 'GLfloat'
e:\github\dhmt-btl\baithso3_2_project_cube\glslexperiment\example1.cpp(1594): warning C4305: '-=': truncation from 'double' to 'GLfloat'
e:\github\dhmt-btl\baithso3_2_project_cube\glslexperiment\example1.cpp(1609): warning C4305: '+=': truncation from 'double' to 'GLfloat'
e:\github\dhmt-btl\baithso3_2_project_cube\glslexperiment\example1.cpp(1612): warning C4305: '+=': truncation from 'double' to 'GLfloat'
e:\github\dhmt-btl\baithso3_2_project_cube\glslexperiment\example1.cpp(1615): warning C4305: '+=': truncation from 'double' to 'GLfloat'
e:\github\dhmt-btl\baithso3_2_project_cube\glslexperiment\example1.cpp(1618): warning C4305: '+=': truncation from 'double' to 'GLfloat'
e:\github\dhmt-btl\baithso3_2_project_cube\glslexperiment\example1.cpp(1621): warning C4305: '+=': truncation from 'double' to 'GLfloat'
e:\github\dhmt-btl\baithso3_2_project_cube\glslexperiment\example1.cpp(1623): warning C4305: '+=': truncation from 'double' to 'GLfloat'
e:\github\dhmt-btl\baithso3_2_project_cube\glslexperiment\example1.cpp(1640): warning C4305: '-=': truncation from 'double' to 'GLfloat'
e:\github\dhmt-btl\baithso3_2_project_cube\glslexperiment\example1.cpp(1643): warning C4305: '-=': truncation from 'double' to 'GLfloat'
e:\github\dhmt-btl\baithso3_2_project_cube\glslexperiment\example1.cpp(1646): warning C4305: '-=': truncation from 'double' to 'GLfloat'
e:\github\dhmt-btl\baithso3_2_project_cube\glslexperiment\example1.cpp(1649): warning C4305: '-=': truncation from 'double' to 'GLfloat'
e:\github\dhmt-btl\baithso3_2_project_cube\glslexperiment\example1.cpp(1652): warning C4305: '-=': truncation from 'double' to 'GLfloat'
e:\github\dhmt-btl\baithso3_2_project_cube\glslexperiment\example1.cpp(1655): warning C4305: '-=': truncation from 'double' to 'GLfloat'
  Generating Code...
example1.obj : warning LNK4075: ignoring '/EDITANDCONTINUE' due to '/SAFESEH' specification
  GLSLExperiment.vcxproj -> E:\Github\DHMT-BTL\BaiTHso3_2_project_Cube\Debug\GLSLExperiment.exe
